<?xml version="1.0" encoding="UTF-8"?>
<robot generator="Robot 3.2.1 (Python 3.7.2 on win32)" generated="20200619 18:21:20.893" rpa="false">
<suite id="s1" name="Test" source="C:\Users\arun\PycharmProjects\RobotAutomation\TestCases\Test.robot">
<test id="s1-t1" name="Test Login credential">
<kw name="Open Browser" library="SeleniumLibrary">
<doc>Opens a new browser instance to the optional ``url``.</doc>
<arguments>
<arg>https://facebook.com</arg>
<arg>Chrome</arg>
</arguments>
<msg timestamp="20200619 18:21:23.327" level="INFO">Opening browser 'Chrome' to base url 'https://facebook.com'.</msg>
<status status="PASS" starttime="20200619 18:21:23.325" endtime="20200619 18:21:36.992"></status>
</kw>
<kw name="Maximize Browser Window" library="SeleniumLibrary">
<doc>Maximizes current browser window.</doc>
<status status="PASS" starttime="20200619 18:21:36.993" endtime="20200619 18:21:37.194"></status>
</kw>
<kw name="Read Number of Rows" library="Userkeyword">
<arguments>
<arg>Sheet1</arg>
</arguments>
<assign>
<var>${row}</var>
</assign>
<kw name="Fetch Number Of Rows" library="Readdata">
<arguments>
<arg>${Sheetname}</arg>
</arguments>
<assign>
<var>${maxR}</var>
</assign>
<msg timestamp="20200619 18:21:37.198" level="INFO">${maxR} = 4</msg>
<status status="PASS" starttime="20200619 18:21:37.197" endtime="20200619 18:21:37.198"></status>
</kw>
<msg timestamp="20200619 18:21:37.200" level="INFO">${row} = 4</msg>
<status status="PASS" starttime="20200619 18:21:37.196" endtime="20200619 18:21:37.200"></status>
</kw>
<kw name="${i} IN RANGE [ : | 1 | ${row}+1 ]" type="for">
<msg timestamp="20200619 18:21:37.201" level="WARN">Error in file 'C:\Users\arun\PycharmProjects\RobotAutomation\TestCases\Test.robot' in FOR loop starting on line 11: For loop header ': FOR' is deprecated. Use 'FOR' instead.</msg>
<msg timestamp="20200619 18:21:37.203" level="WARN">Error in file 'C:\Users\arun\PycharmProjects\RobotAutomation\TestCases\Test.robot' in FOR loop starting on line 11: Marking for loop body with '\' is deprecated. Remove markers and use 'END' instead.</msg>
<msg timestamp="20200619 18:21:37.206" level="FAIL">Converting FOR IN RANGE values failed: SyntaxError: unexpected EOF while parsing (&lt;string&gt;, line 1).</msg>
<status status="FAIL" starttime="20200619 18:21:37.201" endtime="20200619 18:21:37.206"></status>
</kw>
<status status="FAIL" starttime="20200619 18:21:23.322" endtime="20200619 18:21:37.207" critical="yes">Converting FOR IN RANGE values failed: SyntaxError: unexpected EOF while parsing (&lt;string&gt;, line 1).</status>
</test>
<status status="FAIL" starttime="20200619 18:21:20.901" endtime="20200619 18:21:37.214"></status>
</suite>
<statistics>
<total>
<stat pass="0" fail="1">Critical Tests</stat>
<stat pass="0" fail="1">All Tests</stat>
</total>
<tag>
</tag>
<suite>
<stat pass="0" fail="1" id="s1" name="Test">Test</stat>
</suite>
</statistics>
<errors>
<msg timestamp="20200619 18:21:37.201" level="WARN">Error in file 'C:\Users\arun\PycharmProjects\RobotAutomation\TestCases\Test.robot' in FOR loop starting on line 11: For loop header ': FOR' is deprecated. Use 'FOR' instead.</msg>
<msg timestamp="20200619 18:21:37.203" level="WARN">Error in file 'C:\Users\arun\PycharmProjects\RobotAutomation\TestCases\Test.robot' in FOR loop starting on line 11: Marking for loop body with '\' is deprecated. Remove markers and use 'END' instead.</msg>
</errors>
</robot>
